<?xml version="1.0" encoding="UTF-8"?>
<Site BuildName="Linux-g++"
	BuildStamp="20240104-1918-Experimental"
	Name="styson"
	Generator="ctest-3.22.1"
	CompilerName="/usr/bin/g++"
	CompilerVersion="11.4.0"
	OSName="Linux"
	Hostname="styson"
	OSRelease="5.15.133.1-microsoft-standard-WSL2"
	OSVersion="#1 SMP Thu Oct 5 21:02:42 UTC 2023"
	OSPlatform="x86_64"
	Is64Bits="1"
	VendorString="AuthenticAMD"
	VendorID="Advanced Micro Devices"
	FamilyID="23"
	ModelID="113"
	ProcessorCacheSize="512"
	NumberOfLogicalCPU="12"
	NumberOfPhysicalCPU="6"
	TotalVirtualMemory="6144"
	TotalPhysicalMemory="23997"
	LogicalProcessorsPerPhysical="2"
	ProcessorClockFrequency="3600.02"
	>
	<Testing>
		<StartDateTime>Jan 04 19:18 GMT</StartDateTime>
		<StartTestTime>1704395905</StartTestTime>
		<TestList/>
		<EndDateTime>Jan 04 19:18 GMT</EndDateTime>
		<EndTestTime>1704395905</EndTestTime>
		<ElapsedMinutes>0</ElapsedMinutes>
	</Testing>
</Site>
